#0 building with "desktop-linux" instance using docker driver

#1 [internal] load build definition from Dockerfile
#1 transferring dockerfile: 1.20kB done
#1 DONE 0.0s

#2 [internal] load metadata for docker.io/library/python:3.11-slim
#2 DONE 0.3s

#3 [internal] load .dockerignore
#3 transferring context: 211B done
#3 DONE 0.0s

#4 [1/7] FROM docker.io/library/python:3.11-slim@sha256:ff8533f48e12b705fc20d339fde2ec61d0b234dd9366bab3bc84d7b70a45c8c0
#4 resolve docker.io/library/python:3.11-slim@sha256:ff8533f48e12b705fc20d339fde2ec61d0b234dd9366bab3bc84d7b70a45c8c0 0.0s done
#4 DONE 0.1s

#5 [internal] load build context
#5 transferring context: 1.20kB done
#5 DONE 0.0s

#6 [5/7] COPY app ./app
#6 CACHED

#7 [6/7] COPY scripts ./scripts
#7 CACHED

#8 [2/7] WORKDIR /app
#8 CACHED

#9 [3/7] COPY requirements.txt ./
#9 CACHED

#10 [4/7] RUN pip install --no-cache-dir -r requirements.txt
#10 CACHED

#11 [7/7] RUN useradd -m -u 10001 appuser && chown -R appuser:appuser /app
#11 CACHED

#12 exporting to image
#12 exporting layers done
#12 exporting manifest sha256:cdb98d0155fce0d496e61acc82887b5a4fce594c4f4862437e24a61150bd824a done
#12 exporting config sha256:705edb4f2cb0b1469beed178830ea19d97864478d31c69a18aa23bc2f1a85502 done
#12 exporting attestation manifest sha256:dcaf28f713c1f0dbb544540bcd245d53961e2ef258fff4b770bdeb7e20d6f893 0.1s done
#12 exporting manifest list sha256:f9a437b9c4be6027787027440144e02195d757b80aafe493c127bd85bd09ed3a
#12 exporting manifest list sha256:f9a437b9c4be6027787027440144e02195d757b80aafe493c127bd85bd09ed3a 0.0s done
#12 naming to docker.io/library/secdev-seed:latest done
#12 unpacking to docker.io/library/secdev-seed:latest done
#12 DONE 0.2s
